<?xml version="1.0" encoding="UTF-8"?>
<testng-results ignored="0" total="1" passed="1" failed="0" skipped="0">
  <reporter-output>
  </reporter-output>
  <suite started-at="2025-02-24T01:52:18 IST" name="All Test Suite" finished-at="2025-02-24T01:52:38 IST" duration-ms="19698">
    <groups>
    </groups>
    <test started-at="2025-02-24T01:52:18 IST" name="Test" finished-at="2025-02-24T01:52:38 IST" duration-ms="19698">
      <class name="Naukri">
        <test-method is-config="true" signature="setup()[pri:0, instance:Naukri@3fce8fd9]" started-at="2025-02-24T01:52:18 IST" name="setup" finished-at="2025-02-24T01:52:33 IST" duration-ms="14211" status="PASS">
          <reporter-output>
          </reporter-output>
        </test-method> <!-- setup -->
        <test-method signature="testNaukriAutomation()[pri:0, instance:Naukri@3fce8fd9]" started-at="2025-02-24T01:52:33 IST" name="testNaukriAutomation" finished-at="2025-02-24T01:52:37 IST" duration-ms="4775" status="PASS">
          <reporter-output>
          </reporter-output>
        </test-method> <!-- testNaukriAutomation -->
        <test-method is-config="true" signature="tearDown()[pri:0, instance:Naukri@3fce8fd9]" started-at="2025-02-24T01:52:37 IST" name="tearDown" finished-at="2025-02-24T01:52:38 IST" duration-ms="646" status="PASS">
          <reporter-output>
          </reporter-output>
        </test-method> <!-- tearDown -->
      </class> <!-- Naukri -->
    </test> <!-- Test -->
  </suite> <!-- All Test Suite -->
</testng-results>
